<?xml version="1.0" encoding="UTF-8"?>
<testsuite name="com.zara.catalog.api.PriceTest" tests="5" skipped="0" failures="0" errors="0" timestamp="2024-04-11T05:37:06" hostname="dv7" time="0.011">
  <properties/>
  <testcase name="testPriceThrowsExceptionWhenPriceIsNegative()" classname="com.zara.catalog.api.PriceTest" time="0.003"/>
  <testcase name="testPriceThrowsExceptionWhenStartDateIsAfterEndDate()" classname="com.zara.catalog.api.PriceTest" time="0.001"/>
  <testcase name="testPriceThrowsExceptionWhenEndDateIsNull()" classname="com.zara.catalog.api.PriceTest" time="0.002"/>
  <testcase name="testPriceThrowsExceptionWhenPriceIsZero()" classname="com.zara.catalog.api.PriceTest" time="0.001"/>
  <testcase name="testPriceThrowsExceptionWhenStartDateIsNull()" classname="com.zara.catalog.api.PriceTest" time="0.001"/>
  <system-out><![CDATA[]]></system-out>
  <system-err><![CDATA[]]></system-err>
</testsuite>
