<?xml version="1.0" encoding="UTF-8"?>
<testsuite name="com.zara.catalog.api.ZaraCatalogApplicationTests" tests="1" skipped="0" failures="0" errors="0" timestamp="2024-04-11T05:37:06" hostname="dv7" time="0.0">
  <properties/>
  <testcase name="contextLoads()" classname="com.zara.catalog.api.ZaraCatalogApplicationTests" time="0.0"/>
  <system-out><![CDATA[]]></system-out>
  <system-err><![CDATA[]]></system-err>
</testsuite>
